<?xml version="1.0" encoding="UTF-8"?>
<!-- Generated by org.testng.reporters.JUnitXMLReporter -->
<testsuite hostname="DESKTOP-EH7A144" name="ExpediaSearchPage" tests="4" failures="0" timestamp="21 Mar 2016 15:33:46 GMT" time="0.068" errors="0">
  <testcase name="AudiA6" time="0.002" classname="com.expedia.flightsbooking.TestNG_Grouping"/>
  <testcase name="BMW3Series" time="0.0" classname="com.expedia.flightsbooking.TestNG_Grouping"/>
  <testcase name="BMWX3" time="0.001" classname="com.expedia.flightsbooking.TestNG_Grouping"/>
  <testcase name="HondaAccord" time="0.001" classname="com.expedia.flightsbooking.TestNG_Grouping"/>
</testsuite> <!-- ExpediaSearchPage -->
