<?xml version="1.0" encoding="UTF-8"?>
<!-- Generated by org.testng.reporters.JUnitXMLReporter -->
<testsuite hostname="DESKTOP-EH7A144" name="Command line test" tests="5" failures="0" timestamp="22 Mar 2016 08:55:33 GMT" time="36.36" errors="0">
  <testcase name="AudiA6" time="0.003" classname="com.expedia.flightsbooking.TestNG_Grouping"/>
  <testcase name="BMW3Series" time="0.001" classname="com.expedia.flightsbooking.TestNG_Grouping"/>
  <testcase name="BMWX3" time="0.001" classname="com.expedia.flightsbooking.TestNG_Grouping"/>
  <testcase name="HondaAccord" time="0.0" classname="com.expedia.flightsbooking.TestNG_Grouping"/>
  <testcase name="fillBasicInfo" time="7.591" classname="com.expedia.flightsbooking.TestNG_TestSuite"/>
</testsuite> <!-- Command line test -->
